[2025-07-12T04:50:27.070Z] ✅ Migrated SKU: 0
[2025-07-12T04:50:27.864Z] ✅ Migrated SKU: PR-LAP-AC-SF314-42-R27X
[2025-07-12T04:50:28.780Z] ✅ Migrated SKU: PR-LAP-AV-14-NE14A2IDC435-B
[2025-07-12T04:50:29.649Z] ✅ Migrated SKU: PR-LAP-AV-14-NE14A2IDC435-G
[2025-07-12T04:50:30.410Z] ✅ Migrated SKU: PR-LAP-AV-14-NE14A2IDC435-W
[2025-07-12T04:50:31.143Z] ✅ Migrated SKU: PR-LAP-AV-14-NE14A2IDC435-B/256
[2025-07-12T04:50:31.920Z] ✅ Migrated SKU: PR-LAP-AV-14-NE14A2IDC433-W
[2025-07-12T04:50:32.689Z] ✅ Migrated SKU: PR-LAP-AV-14-NE14A2IDC433-B
[2025-07-12T04:50:33.466Z] ✅ Migrated SKU: PR-LAP-AV-14-NS14A8IDR571-G
[2025-07-12T04:50:34.158Z] ✅ Migrated SKU: PR-LAP-AV-14-NS14A8IDR571-GO
[2025-07-12T04:50:34.870Z] ✅ Migrated SKU: PR-LAP-AV-14-NS14A8IDR571-S
[2025-07-12T04:50:35.574Z] ✅ Migrated SKU: PR-LAP-AV-14-NS14A5IDF562-BR
[2025-07-12T04:50:36.352Z] ✅ Migrated SKU: PR-LAP-ZY-232-MN-64-IIB
[2025-07-12T04:50:37.161Z] ✅ Migrated SKU: PR-LAP-ZY-232-MN-64-IIG
[2025-07-12T04:50:37.945Z] ✅ Migrated SKU: PR-LAP-ZY-232-2021-B
[2025-07-12T04:50:38.713Z] ✅ Migrated SKU: PR-LAP-ZY-232-2021-G
[2025-07-12T04:50:39.554Z] ✅ Migrated SKU: PR-LAP-MS-MOD-14-B4MW-292
[2025-07-12T04:50:40.328Z] ✅ Migrated SKU: PR-LAP-MS-MOD-14-B10MW-466
[2025-07-12T04:50:41.087Z] ✅ Migrated SKU: PR-LAP-MS-MOD-15-A11SB-070
[2025-07-12T04:50:41.988Z] ✅ Migrated SKU: PR-LAP-MS-GF63-10SCSR-1460
[2025-07-12T04:50:42.681Z] ✅ Migrated SKU: PR-LAP-MS-GS66-10UH-252
[2025-07-12T04:50:43.421Z] ✅ Migrated SKU: PR-LAP-MS-GS66-10UE-298
[2025-07-12T04:50:44.133Z] ✅ Migrated SKU: PR-LAP-MS-GS66-10UG-253
[2025-07-12T04:50:44.882Z] ✅ Migrated SKU: PR-LAP-AC-EX215-52-30U3
[2025-07-12T04:50:45.548Z] ✅ Migrated SKU: PR-LAP-AC-SP313-51N-58RG
[2025-07-12T04:50:46.298Z] ✅ Migrated SKU: PR-LAP-AC-A314-22-A5UW
[2025-07-12T04:50:47.016Z] ✅ Migrated SKU: PR-LAP-AC-A314-22-R6MN
[2025-07-12T04:50:47.716Z] ✅ Migrated SKU: PR-LAP-AC-A515-45-R3RR
[2025-07-12T04:50:48.457Z] ✅ Migrated SKU: PR-LAP-AC-A515-45-R4F1
[2025-07-12T04:50:49.187Z] ✅ Migrated SKU: PR-LAP-AC-SF114-34-P2VU
[2025-07-12T04:50:49.930Z] ✅ Migrated SKU: PR-LAP-AC-SF114-34-P3ZB
[2025-07-12T04:50:50.857Z] ✅ Migrated SKU: PR-LAP-AC-SF314-511-57FH
[2025-07-12T04:50:51.649Z] ✅ Migrated SKU: PR-LAP-AC-SF314-510G-50CC
[2025-07-12T04:50:52.401Z] ✅ Migrated SKU: PR-LAP-AC-SF514-55TA-55AL
[2025-07-12T04:50:53.084Z] ✅ Migrated SKU: PR-LAP-AC-AN515-45-R2NQ
[2025-07-12T04:50:53.849Z] ✅ Migrated SKU: PR-LAP-AC-AN515-45-R6RF
[2025-07-12T04:50:54.672Z] ✅ Migrated SKU: PR-LAP-DE-LAT-15-3510-I341T
[2025-07-12T04:50:55.372Z] ✅ Migrated SKU: PR-LAP-HP-245-G7-2E6K2PA
[2025-07-12T04:50:56.269Z] ✅ Migrated SKU: PR-LAP-HP-245-G7-15H49PA
[2025-07-12T04:50:57.130Z] ✅ Migrated SKU: PR-LAP-HP-435-G7-224U0PA
[2025-07-12T04:50:57.883Z] ✅ Migrated SKU: PR-LAP-AS-P2451FA-EK3820T
[2025-07-12T04:50:58.909Z] ✅ Migrated SKU: PR-LAP-AS-X441BA-GA441T
[2025-07-12T04:50:59.636Z] ✅ Migrated SKU: PR-LAP-AS-A409MA-BV422TS
[2025-07-12T04:51:00.378Z] ✅ Migrated SKU: PR-LAP-AS-TP401MA-VIPS421
[2025-07-12T04:51:01.129Z] ✅ Migrated SKU: PR-LAP-AS-TP470EZ-EC551TS
[2025-07-12T04:51:01.872Z] ✅ Migrated SKU: PR-LAP-AS-UX325EA-EG551TS
[2025-07-12T04:51:02.911Z] ✅ Migrated SKU: PR-LAP-AS-UX482EA-KA551TS
[2025-07-12T04:51:03.930Z] ✅ Migrated SKU: PR-LAP-AS-FX506IV-R9R6B6TO
[2025-07-12T04:51:04.634Z] ✅ Migrated SKU: PR-LAP-AS-GA401QM-R936B6GO
[2025-07-12T04:51:05.329Z] ✅ Migrated SKU: PR-LAP-LE-81W000NPID
[2025-07-12T04:51:06.324Z] ✅ Migrated SKU: PR-LAP-LE-81WA00CSID
[2025-07-12T04:51:07.122Z] ✅ Migrated SKU: PR-LAP-LE-82B2000NID
[2025-07-12T04:51:07.885Z] ✅ Migrated SKU: PR-LAP-LE-82HU0043ID
[2025-07-12T04:51:08.599Z] ✅ Migrated SKU: PR-LAP-LE-82MA0009ID
[2025-07-12T04:51:09.253Z] ✅ Migrated SKU: PR-LAP-LE-82EV0019ID
[2025-07-12T04:51:10.092Z] ✅ Migrated SKU: PR-LAP-LE-81Y400YBID
[2025-07-12T04:51:10.829Z] ✅ Migrated SKU: PR-LAP-LE-82AW006KID
[2025-07-12T04:51:11.514Z] ✅ Migrated SKU: PR-LAP-LE-82FN001AID
[2025-07-12T04:51:12.649Z] ✅ Migrated SKU: tes-tes-tes
[2025-07-12T04:51:13.975Z] ✅ Migrated SKU: PR-LAP-LE-81Y600MTID
[2025-07-12T04:51:14.996Z] ✅ Migrated SKU: tes - tes -tes
[2025-07-12T04:51:15.688Z] ✅ Migrated SKU: PR-LAP-HP-OME-15-EN0013AX
[2025-07-12T04:51:16.511Z] ✅ Migrated SKU: PR-LAP-MS-GF65-10UE-202
[2025-07-12T04:51:17.298Z] ✅ Migrated SKU: PR-LAP-AC-A314-22-R6YK
[2025-07-12T04:51:18.430Z] ✅ Migrated SKU: PR-LAP-HP-14-CF2508TU
[2025-07-12T04:51:20.346Z] ✅ Migrated SKU: PR-LAP-LE-81WE019NID
[2025-07-12T04:51:21.052Z] ✅ Migrated SKU: PR-LAP-AC-SF314-43-R63N
[2025-07-12T04:51:21.770Z] ✅ Migrated SKU: PR-LAP-HP-PAV-13-BB0062TU
[2025-07-12T04:51:22.535Z] ✅ Migrated SKU: PR-LAP-MS-MOD-14-B11SB-415
[2025-07-12T04:51:23.295Z] ✅ Migrated SKU: PR-LAP-AC-SF314-511-73JE
[2025-07-12T04:51:24.000Z] ✅ Migrated SKU: PR-LAP-HP-ENV-13-BD0062TU
[2025-07-12T04:51:24.772Z] ✅ Migrated SKU: PR-LAP-MS-GF63-10SC-261
[2025-07-12T04:51:25.079Z] ✅ Migrated SKU: tes producttes product
[2025-07-12T04:51:25.796Z] ✅ Migrated SKU: PR-LAP-HP-15-EN1029AX
[2025-07-12T04:51:26.849Z] ✅ Migrated SKU: PR-LAP-LE-82H0000MID
[2025-07-12T04:51:27.759Z] ✅ Migrated SKU: PR-LAP-LE-82H0000MID/256
[2025-07-12T04:51:28.480Z] ✅ Migrated SKU: PR-LAP-AS-FX506LU-I766B6TO
[2025-07-12T04:51:29.213Z] ✅ Migrated SKU: PR-LAP-AS-GA401QH-R765B6TO
[2025-07-12T04:51:29.977Z] ✅ Migrated SKU: PR-LAP-DE-LAT-14-3410-I541TW10
[2025-07-12T04:51:30.650Z] ✅ Migrated SKU: PR-LAP-HP-240-G7-20R05PA/512
[2025-07-12T04:51:31.334Z] ✅ Migrated SKU: PR-LAP-HP-250-G8-3V356PA/8
[2025-07-12T04:51:32.218Z] ✅ Migrated SKU: PR-LAP-HP-PAV-14-DY0061TU
[2025-07-12T04:51:32.947Z] ✅ Migrated SKU: PR-LAP-AS-A416JA-VIPS352
[2025-07-12T04:51:33.636Z] ✅ Migrated SKU: PR-LAP-AS-M413IA-VIPS351
[2025-07-12T04:51:34.296Z] ✅ Migrated SKU: PR-LAP-HP-SPE-13-AW2110TU
[2025-07-12T04:51:35.008Z] ✅ Migrated SKU: PR-LAP-AS-P2451FB-EK5811T
[2025-07-12T04:51:35.707Z] ✅ Migrated SKU: PR-LAP-AS-A416JP-VIPS552
[2025-07-12T04:51:36.410Z] ✅ Migrated SKU: PR-LAP-AS-A413EP-VIPS753
[2025-07-12T04:51:37.161Z] ✅ Migrated SKU: PR-LAP-AS-M413DA-VIPS753
[2025-07-12T04:51:37.859Z] ✅ Migrated SKU: PR-LAP-AS-K413EA-AM351TS
[2025-07-12T04:51:38.573Z] ✅ Migrated SKU: PR-LAP-AC-SP513-55N-72J8
[2025-07-12T04:51:39.241Z] ✅ Migrated SKU: PR-LAP-AS-UX325EA-OLED752
[2025-07-12T04:51:39.551Z] ✅ Migrated SKU: PR-LAP-AS-UX435EAL-1WIPS511
[2025-07-12T04:51:40.350Z] ✅ Migrated SKU: PR-LAP-LE-82EY00N1ID
[2025-07-12T04:51:41.162Z] ✅ Migrated SKU: PR-LAP-LE-82JQ00BHID
[2025-07-12T04:51:41.995Z] ✅ Migrated SKU: PR-LAP-AS-GA401QE-R7R5B6TO
[2025-07-12T04:51:42.788Z] ✅ Migrated SKU: PR-LAP-AS-GV301QE-R9R5A6TO
[2025-07-12T04:51:43.653Z] ✅ Migrated SKU: PR-LAP-AS-G732LXS-I78SD6T
[2025-07-12T04:51:44.219Z] ✅ Migrated SKU: PR-LAP-AS-G532LWS-I77SD7T
[2025-07-12T04:51:44.912Z] ✅ Migrated SKU: PR-LAP-TH-20RBS6JS00
[2025-07-12T04:51:45.659Z] ✅ Migrated SKU: PR-LAP-TH-20VG0095ID
[2025-07-12T04:51:46.382Z] ✅ Migrated SKU: PR-LAP-TH-20VD00AMID
[2025-07-12T04:51:47.111Z] ✅ Migrated SKU: PR-LAP-MS-MOD-14-B11MO-072
[2025-07-12T04:51:47.864Z] ✅ Migrated SKU: PR-LAP-TH-20SL00MJID
[2025-07-12T04:51:48.520Z] ✅ Migrated SKU: PR-LAP-TH-82C401D8ID
[2025-07-12T04:51:49.193Z] ✅ Migrated SKU: PR-LAP-TH-82C400TJID/512
[2025-07-12T04:51:49.793Z] ✅ Migrated SKU: PR-LAP-TH-82C400TJID/256
[2025-07-12T04:51:50.119Z] ✅ Migrated SKU: PR-LAP-AP-MYD82ID
[2025-07-12T04:51:50.816Z] ✅ Migrated SKU: PR-LAP-AP-MYD92ID
[2025-07-12T04:51:51.532Z] ✅ Migrated SKU: PR-LAP-LE-82BH003UID
[2025-07-12T04:51:52.339Z] ✅ Migrated SKU: test-test-test
[2025-07-12T04:51:52.992Z] ✅ Migrated SKU: PR-LAP-TH-20U2S69200
[2025-07-12T04:51:53.759Z] ✅ Migrated SKU: PR-LAP-AS-A516JP-FHD5121
[2025-07-12T04:51:54.651Z] ✅ Migrated SKU: PR-LAP-LE-82BH0027ID
[2025-07-12T04:51:55.443Z] ✅ Migrated SKU: PR-LAP-AS-UX435EG-AI551NP
[2025-07-12T04:51:56.037Z] ✅ Migrated SKU: PR-LAP-MS-BRA-15-B5DD-046
[2025-07-12T04:51:56.735Z] ✅ Migrated SKU: PR-LAP-HP-245-G7-2E6K2PA/8
[2025-07-12T04:51:57.440Z] ✅ Migrated SKU: PR-LAP-HP-240-G7-20R05PA/256
[2025-07-12T04:51:58.154Z] ✅ Migrated SKU: PR-LAP-AS-P2451FA-EK3821TS
[2025-07-12T04:51:58.760Z] ✅ Migrated SKU: PR-LAP-AS-M415DA-EK305TS
[2025-07-12T04:51:59.389Z] ✅ Migrated SKU: PR-LAP-AS-A416JA-FHD351
[2025-07-12T04:52:00.087Z] ✅ Migrated SKU: PR-LAP-LE-82BG0083ID
[2025-07-12T04:52:00.257Z] ✅ Migrated SKU: test2
[2025-07-12T04:52:00.883Z] ✅ Migrated SKU: PR-LAP-AS-A416JA-VIPS351
[2025-07-12T04:52:01.483Z] ✅ Migrated SKU: PR-LAP-AS-M413DA-VIPS551
[2025-07-12T04:52:02.110Z] ✅ Migrated SKU: PR-LAP-AS-K413EA-EB352TS
[2025-07-12T04:52:02.758Z] ✅ Migrated SKU: PR-LAP-AS-K413JQ-VIPS553
[2025-07-12T04:52:03.430Z] ✅ Migrated SKU: PR-LAP-AS-K413EQ-EB553TS
[2025-07-12T04:52:04.111Z] ✅ Migrated SKU: asdsa
[2025-07-12T04:52:04.854Z] ✅ Migrated SKU: test1
[2025-07-12T04:52:05.540Z] ✅ Migrated SKU: PR-LAP-LE-82FN0019ID
[2025-07-12T04:52:06.152Z] ✅ Migrated SKU: PR-LAP-TH-20U1S16S00/8512
[2025-07-12T04:52:06.809Z] ✅ Migrated SKU: ash
[2025-07-12T04:52:07.511Z] ✅ Migrated SKU: 21312
[2025-07-12T04:52:08.308Z] ✅ Migrated SKU: PR-LAP-AS-FX506HM-I936B6GO
[2025-07-12T04:52:09.069Z] ✅ Migrated SKU: 162365
[2025-07-12T04:52:09.832Z] ✅ Migrated SKU: 22
[2025-07-12T04:52:10.710Z] ✅ Migrated SKU: 1
[2025-07-12T04:52:11.565Z] ✅ Migrated SKU: test
[2025-07-12T04:52:11.752Z] ✅ Migrated SKU: quick___tes
[2025-07-12T04:52:11.929Z] ✅ Migrated SKU: tes
[2025-07-12T04:52:12.622Z] ✅ Migrated SKU: PR-PHO-AS-ROG-PHO-5-ZS673KS-1A046ID
[2025-07-12T04:52:13.379Z] ✅ Migrated SKU: PR-PHO-AS-ROG-PHO-5-ZS673KS-1A051ID
[2025-07-12T04:52:14.071Z] ✅ Migrated SKU: PR-PHO-AS-ROG-PHO-5-ZS673KS-1B049ID
[2025-07-12T04:52:14.276Z] ✅ Migrated SKU: PR-TAB-EV-HE-WINTAB-U70B
[2025-07-12T04:52:14.510Z] ✅ Migrated SKU: PR-TAB-MA-MAX-GENTAB
[2025-07-12T04:52:15.322Z] ✅ Migrated SKU: PR-AIO-AS-M5401WUAK-BA341TS
[2025-07-12T04:52:16.039Z] ✅ Migrated SKU: PR-AIO-AS-V161GART-BD141T
[2025-07-12T04:52:16.808Z] ✅ Migrated SKU: PR-AIO-HP-205-G4-2B036PA
[2025-07-12T04:52:17.453Z] ✅ Migrated SKU: PR-AIO-LE-F0E800U6ID
[2025-07-12T04:52:18.490Z] ✅ Migrated SKU: PR-SCA-CA-DR-F120
[2025-07-12T04:52:19.117Z] ✅ Migrated SKU: PR-SCA-HP-2000-S2
[2025-07-12T04:52:19.396Z] ✅ Migrated SKU: PR-TIN-CA-CA92-COL
[2025-07-12T04:52:19.706Z] ✅ Migrated SKU: PR-TIN-CA-CA91-BLK
[2025-07-12T04:52:19.957Z] ✅ Migrated SKU: PR-PRO-IN-IN114XV
[2025-07-12T04:52:20.830Z] ✅ Migrated SKU: PR-PCD-LE-11CBS0-0D00
[2025-07-12T04:52:21.120Z] ✅ Migrated SKU: PR-BAC-LE-TH-URB-15
[2025-07-12T04:52:21.352Z] ✅ Migrated SKU: PR-MOU-HP-PAV-300
[2025-07-12T04:52:21.593Z] ✅ Migrated SKU: PR-MOU-HP-WIR-200
[2025-07-12T04:52:21.923Z] ✅ Migrated SKU: PR-MOU-LE-TH-MOU
[2025-07-12T04:52:22.259Z] ✅ Migrated SKU: PR-MOU-LE-WIR-STD
[2025-07-12T04:52:22.516Z] ✅ Migrated SKU: PR-MOU-LE-YO-PRES
[2025-07-12T04:52:22.761Z] ✅ Migrated SKU: PR-MOU-LO-G102-V2-BLK
[2025-07-12T04:52:23.013Z] ✅ Migrated SKU: PR-MOU-LO-G102-V2-WHT
[2025-07-12T04:52:23.350Z] ✅ Migrated SKU: PR-MOU-LO-M331-SIL-BLK
[2025-07-12T04:52:24.038Z] ✅ Migrated SKU: PR-MOU-LO-M331-SIL-BLU
[2025-07-12T04:52:24.353Z] ✅ Migrated SKU: PR-MOU-LO-WIR-M170-BLK
[2025-07-12T04:52:24.649Z] ✅ Migrated SKU: PR-MOU-MI-WIR-1850-NS-XTRA
[2025-07-12T04:52:25.336Z] ✅ Migrated SKU: PR-LAP-AS-FX506HCB-I535B6GO
[2025-07-12T04:52:25.994Z] ✅ Migrated SKU: PR-LAP-AS-FX506HM-I736B6GO
[2025-07-12T04:52:26.721Z] ✅ Migrated SKU: PR-LAP-AC-PH315-54-712C
[2025-07-12T04:52:27.027Z] ✅ Migrated SKU: PR-VGA-AS-GC31S-023
[2025-07-12T04:52:27.813Z] ✅ Migrated SKU: PR-LAP-AC-AN515-57-71EX
[2025-07-12T04:52:28.671Z] ✅ Migrated SKU: PR-LAP-HP-VIC-16-D0108TX
[2025-07-12T04:52:29.374Z] ✅ Migrated SKU: PR-LAP-HP-VIC-16-D0107TX
[2025-07-12T04:52:30.053Z] ✅ Migrated SKU: PR-LAP-HP-VIC-16-D0109TX
[2025-07-12T04:52:30.747Z] ✅ Migrated SKU: PR-LAP-IN-INBX1-XL11
[2025-07-12T04:52:31.448Z] ✅ Migrated SKU: PR-LAP-HP-14-CF2517TU
[2025-07-12T04:52:32.168Z] ✅ Migrated SKU: PR-LAP-HP-14S-CF2500TX
[2025-07-12T04:52:33.006Z] ✅ Migrated SKU: PR-LAP-HP-14S-CF2501TX
[2025-07-12T04:52:33.769Z] ✅ Migrated SKU: PR-LAP-AS-C214MA-BU0393
[2025-07-12T04:52:34.562Z] ✅ Migrated SKU: PR-LAP-AS-P2451FB-EK5812T
[2025-07-12T04:52:35.371Z] ✅ Migrated SKU: PR-LAP-AS-E410MAO-FHD454
[2025-07-12T04:52:36.061Z] ✅ Migrated SKU: PR-LAP-AS-S433EQ-AM554IPS
[2025-07-12T04:52:36.778Z] ✅ Migrated SKU: PR-LAP-LE-81VT0005ID
[2025-07-12T04:52:37.632Z] ✅ Migrated SKU: PR-LAP-DE-LAT-14-3410-I341TW10
[2025-07-12T04:52:38.451Z] ✅ Migrated SKU: PR-LAP-DE-VOS-14-3400-I341T
[2025-07-12T04:52:39.198Z] ✅ Migrated SKU: PR-LAP-AC-A514-54-37RA
[2025-07-12T04:52:39.897Z] ✅ Migrated SKU: PR-LAP-AS-K413EQ-EB752IPS
[2025-07-12T04:52:40.610Z] ✅ Migrated SKU: PR-LAP-AS-UM325UA-OLED712
[2025-07-12T04:52:41.642Z] ✅ Migrated SKU: PR-LAP-AC-PH315-54-715G
[2025-07-12T04:52:42.390Z] ✅ Migrated SKU: PR-LAP-AP-MGND3ID
[2025-07-12T04:52:43.160Z] ✅ Migrated SKU: PR-LAP-LE-82H700QXID
[2025-07-12T04:52:44.018Z] ✅ Migrated SKU: PR-LAP-AS-X441MA-GA031T
[2025-07-12T04:52:44.751Z] ✅ Migrated SKU: PR-LAP-AS-X441MA-GA032T
[2025-07-12T04:52:45.524Z] ✅ Migrated SKU: PR-LAP-AS-X441MA-GA033T
[2025-07-12T04:52:46.278Z] ✅ Migrated SKU: PR-LAP-AC-A514-45-R65M
[2025-07-12T04:52:46.971Z] ✅ Migrated SKU: PR-LAP-TH-20VG00BGID
[2025-07-12T04:52:47.637Z] ✅ Migrated SKU: PR-LAP-TH-82C700GHID
[2025-07-12T04:52:48.333Z] ✅ Migrated SKU: PR-LAP-LE-82C600ERID/8
[2025-07-12T04:52:49.096Z] ✅ Migrated SKU: PR-LAP-LE-81WH004MID
[2025-07-12T04:52:49.878Z] ✅ Migrated SKU: PR-LAP-LE-81WA00K2ID
[2025-07-12T04:52:50.707Z] ✅ Migrated SKU: PR-LAP-AS-S433EQ-AM754IPS
[2025-07-12T04:52:51.509Z] ✅ Migrated SKU: PR-LAP-AS-B1500CEPE-EJ7810T
[2025-07-12T04:52:52.210Z] ✅ Migrated SKU: PR-LAP-HP-PAV-14-DV0516TX
[2025-07-12T04:52:52.856Z] ✅ Migrated SKU: PR-LAP-HP-PAV-14-DV0513TX
[2025-07-12T04:52:53.582Z] ✅ Migrated SKU: PR-LAP-LE-82N6009UID
[2025-07-12T04:52:54.389Z] ✅ Migrated SKU: PR-LAP-LE-82JQ00BGID
[2025-07-12T04:52:55.103Z] ✅ Migrated SKU: PR-LAP-LE-82JK0018ID
[2025-07-12T04:52:55.844Z] ✅ Migrated SKU: PR-LAP-LE-82JU00F0ID
[2025-07-12T04:52:56.533Z] ✅ Migrated SKU: PR-LAP-MS-GP66-11UE-479
[2025-07-12T04:52:57.261Z] ✅ Migrated SKU: PR-LAP-MS-GF65-10UE-421
[2025-07-12T04:52:58.133Z] ✅ Migrated SKU: PR-LAP-MS-MOD-15-A11SB-071
[2025-07-12T04:52:58.812Z] ✅ Migrated SKU: PR-LAP-AS-UX325EA-OLED552
[2025-07-12T04:52:59.572Z] ✅ Migrated SKU: PR-LAP-LE-82N7000UID
[2025-07-12T04:53:00.377Z] ✅ Migrated SKU: PR-LAP-LE-82NC0051ID
[2025-07-12T04:53:01.100Z] ✅ Migrated SKU: PR-LAP-LE-82A300B0ID
[2025-07-12T04:53:01.817Z] ✅ Migrated SKU: PR-LAP-LE-82A300AYID
[2025-07-12T04:53:02.511Z] ✅ Migrated SKU: PR-LAP-AS-UX582LR-OLED711
[2025-07-12T04:53:03.265Z] ✅ Migrated SKU: PR-LAP-AS-UX363EA-EM701TS
[2025-07-12T04:53:03.994Z] ✅ Migrated SKU: PR-LAP-AS-UX425EA-IPS552
[2025-07-12T04:53:04.773Z] ✅ Migrated SKU: PR-AIO-AC-C24-1650-I341T
[2025-07-12T04:53:05.454Z] ✅ Migrated SKU: PR-AIO-LE-11LC004CID
[2025-07-12T04:53:06.170Z] ✅ Migrated SKU: PR-AIO-LE-F0E800U1ID
[2025-07-12T04:53:06.911Z] ✅ Migrated SKU: PR-AIO-LE-F0G0009VID
[2025-07-12T04:53:07.391Z] ✅ Migrated SKU: PR-PRI-CA-AIO-MPE410
[2025-07-12T04:53:07.871Z] ✅ Migrated SKU: PR-PRI-HP-AIO-2335
[2025-07-12T04:53:08.405Z] ✅ Migrated SKU: PR-PRI-HP-AIO-2337
[2025-07-12T04:53:08.890Z] ✅ Migrated SKU: PR-PRI-HP-AIO-319
[2025-07-12T04:53:09.601Z] ✅ Migrated SKU: PR-LAP-HP-11-G8-3D2W5PA
[2025-07-12T04:53:10.338Z] ✅ Migrated SKU: PR-LAP-HU-MB-D15-BOB-WAI9Q
[2025-07-12T04:53:11.021Z] ✅ Migrated SKU: PR-LAP-AP-MGN63ID
[2025-07-12T04:53:11.341Z] ✅ Migrated SKU: PR-LAP-AP-MGN73ID
[2025-07-12T04:53:12.029Z] ✅ Migrated SKU: PR-LAP-MS-MOD-14-B10MW-644
[2025-07-12T04:53:12.757Z] ✅ Migrated SKU: PR-LAP-MS-GP66-11UG-475
[2025-07-12T04:53:13.670Z] ✅ Migrated SKU: PR-LAP-MS-GL76-11UDK-254
[2025-07-12T04:53:14.436Z] ✅ Migrated SKU: PR-LAP-MS-15M-A11EAK-210
[2025-07-12T04:53:15.337Z] ✅ Migrated SKU: PR-LAP-MS-GS66-11UE-619
[2025-07-12T04:53:16.109Z] ✅ Migrated SKU: PR-LAP-AC-A515-45-R5XD
[2025-07-12T04:53:16.910Z] ✅ Migrated SKU: PR-LAP-AC-A514-54-33WF
[2025-07-12T04:53:17.709Z] ✅ Migrated SKU: PR-LAP-AC-SF314-511-5495
[2025-07-12T04:53:18.488Z] ✅ Migrated SKU: PR-LAP-AC-SF314-511-57RH
[2025-07-12T04:53:19.206Z] ✅ Migrated SKU: PR-LAP-AC-A314-35-C8QL
[2025-07-12T04:53:19.910Z] ✅ Migrated SKU: PR-LAP-DE-LAT-14-3420-I341TW10
[2025-07-12T04:53:20.674Z] ✅ Migrated SKU: PR-LAP-HP-11-G8-3D2W5PA/160
[2025-07-12T04:53:21.369Z] ✅ Migrated SKU: PR-LAP-HP-635-G7-3V360PA
[2025-07-12T04:53:22.150Z] ✅ Migrated SKU: PR-LAP-HP-14-DK1506AU
[2025-07-12T04:53:22.845Z] ✅ Migrated SKU: PR-LAP-HP-14-DK1509AU
[2025-07-12T04:53:23.619Z] ✅ Migrated SKU: PR-LAP-HP-14S-DK1515AU
[2025-07-12T04:53:24.457Z] ✅ Migrated SKU: PR-LAP-AX-MYBOOK-11G-21ABKRM610P
[2025-07-12T04:53:25.345Z] ✅ Migrated SKU: PR-LAP-AX-MYBOOK-A14-207BNR60PO9
[2025-07-12T04:53:26.092Z] ✅ Migrated SKU: PR-LAP-AX-MYBOOK-14-207BNR610PS
[2025-07-12T04:53:26.817Z] ✅ Migrated SKU: PR-LAP-AS-BR1100FKA-BP0411T
[2025-07-12T04:53:27.509Z] ✅ Migrated SKU: PR-LAP-HP-14-CF2516TU
[2025-07-12T04:53:28.329Z] ✅ Migrated SKU: PR-LAP-HP-14S-CF2518TU
[2025-07-12T04:53:29.248Z] ✅ Migrated SKU: PR-LAP-HP-PAV-13-BE0000AU
[2025-07-12T04:53:29.984Z] ✅ Migrated SKU: PR-LAP-HP-PAV-13-BE0001AU
[2025-07-12T04:53:30.959Z] ✅ Migrated SKU: PR-LAP-HP-PAV-14-EC0013AU
[2025-07-12T04:53:31.905Z] ✅ Migrated SKU: PR-LAP-HP-PAV-14-EC0014AU
[2025-07-12T04:53:32.778Z] ✅ Migrated SKU: PR-LAP-HP-PAV-14-DV0515TX
[2025-07-12T04:53:33.479Z] ✅ Migrated SKU: PR-LAP-HP-PAV-14-DV0517TX
[2025-07-12T04:53:34.291Z] ✅ Migrated SKU: PR-LAP-AS-L1400CDA-EK3424TS
[2025-07-12T04:53:34.995Z] ✅ Migrated SKU: PR-LAP-AS-L1400CDA-EK5854T
[2025-07-12T04:53:35.670Z] ✅ Migrated SKU: PR-LAP-HP-OME-16-C0099AX
[2025-07-12T04:53:36.400Z] ✅ Migrated SKU: PR-LAP-HP-OME-16-C0093AX
[2025-07-12T04:53:37.083Z] ✅ Migrated SKU: PR-LAP-AS-P1411CJA-EK1227T
[2025-07-12T04:53:37.915Z] ✅ Migrated SKU: PR-LAP-AS-P1411CJA-EK1227T/8
[2025-07-12T04:53:38.637Z] ✅ Migrated SKU: PR-LAP-AS-P2451FA-EB3822T
[2025-07-12T04:53:39.429Z] ✅ Migrated SKU: PR-LAP-AS-P1440FA-FQ2693R
[2025-07-12T04:53:40.129Z] ✅ Migrated SKU: PR-LAP-AS-P2451FB-EB5813T
[2025-07-12T04:53:40.852Z] ✅ Migrated SKU: PR-LAP-AS-P2451FB-EK7852T
[2025-07-12T04:53:41.642Z] ✅ Migrated SKU: PR-LAP-AS-P2451FB-EK7851R
[2025-07-12T04:53:42.331Z] ✅ Migrated SKU: PR-LAP-AS-B1400CEPE-EB5811T
[2025-07-12T04:53:43.065Z] ✅ Migrated SKU: PR-LAP-AS-B1400CEPE-EK7810T
[2025-07-12T04:53:43.881Z] ✅ Migrated SKU: PR-LAP-AS-A516EPO-VIPS551PLUS
[2025-07-12T04:53:44.706Z] ✅ Migrated SKU: PR-LAP-AS-A516EPO-VIPS551
[2025-07-12T04:53:45.428Z] ✅ Migrated SKU: PR-LAP-AS-A516EPO-VIPS552
[2025-07-12T04:53:46.327Z] ✅ Migrated SKU: PR-LAP-AS-K413EQ-EB751IPS
[2025-07-12T04:53:47.151Z] ✅ Migrated SKU: PR-LAP-AS-S433EQ-AM751IPS
[2025-07-12T04:53:47.897Z] ✅ Migrated SKU: PR-LAP-AS-M513UA-OLED551
[2025-07-12T04:53:48.581Z] ✅ Migrated SKU: PR-LAP-AS-M513UA-OLED753
[2025-07-12T04:53:49.341Z] ✅ Migrated SKU: PR-LAP-AS-TP412FA-VIPS551
[2025-07-12T04:53:50.054Z] ✅ Migrated SKU: PR-LAP-AS-TP412FA-VIPS552
[2025-07-12T04:53:50.877Z] ✅ Migrated SKU: PR-LAP-IN-INBX1-XL11-I3
[2025-07-12T04:53:51.606Z] ✅ Migrated SKU: PR-LAP-AC-AN515-57-7638
[2025-07-12T04:53:52.448Z] ✅ Migrated SKU: PR-LAP-AC-AN515-57-79SC
[2025-07-12T04:53:53.209Z] ✅ Migrated SKU: PR-LAP-AC-AN515-57-79SC/32
[2025-07-12T04:53:54.008Z] ✅ Migrated SKU: PR-LAP-AS-UM425UAZ-IPS551
[2025-07-12T04:53:54.696Z] ✅ Migrated SKU: PR-LAP-AS-UM425UAZ-IPS552
[2025-07-12T04:53:55.493Z] ✅ Migrated SKU: PR-LAP-AS-UX435EAL-1WIPS711
[2025-07-12T04:53:56.181Z] ✅ Migrated SKU: PR-LAP-AS-FX516PM-I736B7TO
[2025-07-12T04:53:56.909Z] ✅ Migrated SKU: PR-LAP-AS-GA503QM-R936G6GO
[2025-07-12T04:53:57.700Z] ✅ Migrated SKU: PR-LAP-LE-82GV002DID
[2025-07-12T04:53:58.587Z] ✅ Migrated SKU: PR-LAP-LE-81WH0046ID
[2025-07-12T04:53:59.332Z] ✅ Migrated SKU: PR-LAP-LE-81WH004NID
[2025-07-12T04:54:00.139Z] ✅ Migrated SKU: PR-LAP-LE-82EV002YID
[2025-07-12T04:54:00.950Z] ✅ Migrated SKU: PR-LAP-LE-82MS002YID
[2025-07-12T04:54:01.860Z] ✅ Migrated SKU: PR-LAP-LE-82MS0045ID
[2025-07-12T04:54:02.610Z] ✅ Migrated SKU: PR-LAP-LE-82ND002KID
[2025-07-12T04:54:03.338Z] ✅ Migrated SKU: PR-LAP-LE-82L30047ID
[2025-07-12T04:54:04.081Z] ✅ Migrated SKU: PR-AIO-LE-11FN009UID
[2025-07-12T04:54:04.797Z] ✅ Migrated SKU: PR-AIO-LE-11LC004DID
[2025-07-12T04:54:05.498Z] ✅ Migrated SKU: PR-AIO-LE-F0E800U4ID
[2025-07-12T04:54:06.324Z] ✅ Migrated SKU: PR-AIO-LE-F0G0009XID
[2025-07-12T04:54:07.158Z] ✅ Migrated SKU: PR-PRI-CA-AIO-G3010
[2025-07-12T04:54:07.715Z] ✅ Migrated SKU: PR-PRI-CA-AIO-G570
[2025-07-12T04:54:08.231Z] ✅ Migrated SKU: PR-PRI-CA-SIN-6770
[2025-07-12T04:54:08.732Z] ✅ Migrated SKU: PR-PRI-HP-AIO-2336
[2025-07-12T04:54:09.282Z] ✅ Migrated SKU: PR-PRI-HP-AIO-315
[2025-07-12T04:54:09.718Z] ✅ Migrated SKU: PR-PRI-HP-AIO-500
[2025-07-12T04:54:10.171Z] ✅ Migrated SKU: PR-PRI-HP-AIO-615
[2025-07-12T04:54:10.914Z] ✅ Migrated SKU: PR-LAP-XI-JYU4375ID
[2025-07-12T04:54:11.644Z] ✅ Migrated SKU: PR-LAP-AX-MYBOOK-11G-21PAKRM8
[2025-07-12T04:54:12.378Z] ✅ Migrated SKU: PR-LAP-AX-MYBOOK-11G-21QBKRM610P
[2025-07-12T04:54:13.131Z] ✅ Migrated SKU: PR-LAP-AX-MYBOOK-13-21LAMR8
[2025-07-12T04:54:13.889Z] ✅ Migrated SKU: PR-LAP-AX-MYBOOK-13-21LBMR610P
[2025-07-12T04:54:14.836Z] ✅ Migrated SKU: PR-LAP-MS-BRA-15-B5DD-241
[2025-07-12T04:54:15.573Z] ✅ Migrated SKU: PR-LAP-MS-MOD-14-B11MOU-881
[2025-07-12T04:54:16.400Z] ✅ Migrated SKU: PR-LAP-MS-MOD-14-B11SB-694
[2025-07-12T04:54:17.202Z] ✅ Migrated SKU: PR-LAP-MS-MOD-14-B11SB-693
[2025-07-12T04:54:17.911Z] ✅ Migrated SKU: PR-LAP-MS-SUM-E13-13P211-066
[2025-07-12T04:54:18.651Z] ✅ Migrated SKU: PR-LAP-MS-GF63-10UC-687
[2025-07-12T04:54:19.369Z] ✅ Migrated SKU: PR-LAP-MS-GF63-10UC-653
[2025-07-12T04:54:20.057Z] ✅ Migrated SKU: PR-LAP-MS-GF76-11UC-256
[2025-07-12T04:54:20.780Z] ✅ Migrated SKU: PR-LAP-MS-GF66-11UD-1007
[2025-07-12T04:54:21.469Z] ✅ Migrated SKU: PR-LAP-MS-GL76-A11UEK-252
[2025-07-12T04:54:22.200Z] ✅ Migrated SKU: PR-LAP-AC-SP313-51N-548H
[2025-07-12T04:54:23.223Z] ✅ Migrated SKU: PR-LAP-AC-A514-54G-576N
[2025-07-12T04:54:23.916Z] ✅ Migrated SKU: PR-LAP-AC-A514-54G-73B6
[2025-07-12T04:54:24.800Z] ✅ Migrated SKU: PR-LAP-AC-AV15-51-547X
[2025-07-12T04:54:25.574Z] ✅ Migrated SKU: PR-LAP-AC-SF314-43-R7EV
[2025-07-12T04:54:26.379Z] ✅ Migrated SKU: PR-LAP-AC-SF314-511-79TU
[2025-07-12T04:54:27.497Z] ✅ Migrated SKU: PR-LAP-DE-ALI-M15-I716512R3060
[2025-07-12T04:54:28.392Z] ✅ Migrated SKU: PR-LAP-HP-245-G8-4N6X4PA
[2025-07-12T04:54:29.241Z] ✅ Migrated SKU: PR-LAP-HP-240-G8-54X03PA
[2025-07-12T04:54:29.933Z] ✅ Migrated SKU: PR-LAP-HP-240-G8-54X03PA/256
[2025-07-12T04:54:30.744Z] ✅ Migrated SKU: PR-LAP-HP-240-G8-54X03PA/512
[2025-07-12T04:54:31.630Z] ✅ Migrated SKU: PR-LAP-HP-14S-DQ2055TU
[2025-07-12T04:54:32.676Z] ✅ Migrated SKU: PR-LAP-HP-15-FQ2642TU
